
==============================================

!Wed Dec 07 11:24:53 PKT 2022

Successfully added file UBLCommonLibrary\AccountsByCNIC.xsd to BAR file.

Successfully added file UBLCommonLibrary\BPSCommon.xsd to BAR file.

Successfully added file UBLCommonLibrary\PlaceholderSchema.xsd to BAR file.

Successfully added file UBLCommonLibrary\StatementGeneratorPDFJava.jar to BAR file.

Successfully added file UBLCommonLibrary\UBLCommonJava.jar to BAR file.

Successfully added file UBLCommonLibrary\com\systemsltd\ubl\common\AccountConversionModules.esql to BAR file.

Successfully added file UBLCommonLibrary\com\systemsltd\ubl\common\AccountConversionModules.esql to BAR file.

Successfully added file UBLCommonLibrary\com\systemsltd\ubl\common\AccountConversionModules.esql to BAR file.

Successfully added file UBLCommonLibrary\com\systemsltd\ubl\common\AccountConversionModules.esql to BAR file.

Successfully added file UBLCommonLibrary\com\systemsltd\ubl\common\AccountConversionModules.esql to BAR file.

Successfully added file UBLCommonLibrary\com\systemsltd\ubl\common\AccountConversionModules.esql to BAR file.

Successfully added file UBLCommonLibrary\com\systemsltd\ubl\common\AccountConversionModules.esql to BAR file.

Successfully added file UBLCommonLibrary\com\systemsltd\ubl\common\AccountConversionModules.esql to BAR file.

Successfully added file UBLCommonLibrary\com\systemsltd\ubl\common\AccountConversionModules.esql to BAR file.

Successfully added file UBLCommonLibrary\com\systemsltd\ubl\common\AccountConversionModules.esql to BAR file.

Successfully added file UBLCommonLibrary\com\systemsltd\ubl\common\Constants.esql to BAR file.

Successfully added file UBLCommonLibrary\com\systemsltd\ubl\common\ExceptionProcessing.subflow to BAR file.

Successfully added file UBLCommonLibrary\com\systemsltd\ubl\common\ExceptionResponse.subflow to BAR file.

Successfully added file UBLCommonLibrary\com\systemsltd\ubl\common\ExceptionResponseMapping.subflow to BAR file.

Successfully added file UBLCommonLibrary\com\systemsltd\ubl\common\HostCommunicationModules.esql to BAR file.

Successfully added file UBLCommonLibrary\com\systemsltd\ubl\common\HostDatabaseRequestResponse.subflow to BAR file.

Successfully added file UBLCommonLibrary\com\systemsltd\ubl\common\PopulateReferenceIdInLocalEnv.subflow to BAR file.

Successfully added file UBLCommonLibrary\com\systemsltd\ubl\common\PostProcessing.subflow to BAR file.

Successfully added file UBLCommonLibrary\com\systemsltd\ubl\common\ProcessAccountConversion.subflow to BAR file.

Successfully added file UBLCommonLibrary\com\systemsltd\ubl\common\ResponseMapping.subflow to BAR file.

Successfully added file UBLCommonLibrary\com\systemsltd\ubl\common\ResponseMappingModules.esql to BAR file.

Successfully added file UBLCommonLibrary\com\systemsltd\ubl\common\ResponseMappingModules.esql to BAR file.

Successfully added file UBLCommonLibrary\com\systemsltd\ubl\common\ResponseMappingModules.esql to BAR file.

Successfully added file UBLCommonLibrary\com\systemsltd\ubl\common\ResponseMappingModules.esql to BAR file.

Successfully added file UBLCommonLibrary\com\systemsltd\ubl\common\ResponseMappingModules.esql to BAR file.

Successfully added file UBLCommonLibrary\com\systemsltd\ubl\common\ResponseMappingModules.esql to BAR file.

Successfully added file UBLCommonLibrary\com\systemsltd\ubl\common\ResponseMappingModules.esql to BAR file.

Successfully added file UBLCommonLibrary\com\systemsltd\ubl\common\ResponseMappingModules.esql to BAR file.

Successfully added file UBLCommonLibrary\com\systemsltd\ubl\common\SaveTransaction.subflow to BAR file.

Successfully added file UBLCommonLibrary\com\systemsltd\ubl\common\StatusCommonModules.esql to BAR file.

Successfully added file UBLCommonLibrary\com\systemsltd\ubl\common\StatusCommonModules.esql to BAR file.

Successfully added file UBLCommonLibrary\com\systemsltd\ubl\common\StatusCommonModules.esql to BAR file.

Successfully added file UBLCommonLibrary\com\systemsltd\ubl\common\StatusCommonModules.esql to BAR file.

Successfully added file UBLCommonLibrary\com\systemsltd\ubl\common\StatusCommonModules.esql to BAR file.

Successfully added file UBLCommonLibrary\com\systemsltd\ubl\common\StatusCommonModules.esql to BAR file.

Successfully added file UBLCommonLibrary\com\systemsltd\ubl\common\StatusCommonModules.esql to BAR file.

Successfully added file UBLCommonLibrary\com\systemsltd\ubl\common\StatusCommonModules.esql to BAR file.

Successfully added file UBLCommonLibrary\com\systemsltd\ubl\common\TransactionDetailStatus.subflow to BAR file.

Successfully added file UBLCommonLibrary\com\systemsltd\ubl\common\TransactionStatus.subflow to BAR file.

Successfully added file UBLCommonLibrary\com\systemsltd\ubl\common\UBLCommonModules.esql to BAR file.

Successfully added file UBLCommonLibrary\com\systemsltd\ubl\common\UBLCommonModules.esql to BAR file.

Successfully added file UBLCommonLibrary\com\systemsltd\ubl\common\UBLCommonModules.esql to BAR file.

Successfully added file UBLCommonLibrary\com\systemsltd\ubl\common\UBLCommonModules.esql to BAR file.

Successfully added file UBLCommonLibrary\com\systemsltd\ubl\common\UBLCommonModules.esql to BAR file.

Successfully added file UBLCommonLibrary\com\systemsltd\ubl\common\UBLCommonModules.esql to BAR file.

Successfully added file UBLCommonLibrary\com\systemsltd\ubl\common\UBLCommonModules.esql to BAR file.

Successfully added file UBLCommonLibrary\com\systemsltd\ubl\common\UBLCommonModules.esql to BAR file.

Successfully added file UBLCommonLibrary\com\systemsltd\ubl\common\UBLCommonModules.esql to BAR file.

Successfully added file UBLCommonLibrary\com\systemsltd\ubl\common\UBLCommonModules.esql to BAR file.

Successfully added file UBLCommonLibrary\com\systemsltd\ubl\common\ValidationErrorHandler.subflow to BAR file.

Successfully added file UBLCommonLibrary\com\systemsltd\ubl\common\accountValidation\CBSAccountValidation.subflow to BAR file.

Successfully added file UBLCommonLibrary\com\systemsltd\ubl\common\accountValidation\CBSAccountValidationRequest.esql to BAR file.

Successfully added file UBLCommonLibrary\com\systemsltd\ubl\common\accountValidation\CBSAccountValidationRequest.esql to BAR file.

Successfully added file UBLCommonLibrary\com\systemsltd\ubl\common\accountValidation\CBSAccountValidationRequest.esql to BAR file.

Successfully added file UBLCommonLibrary\com\systemsltd\ubl\common\accountValidation\CBSAccountValidationRequest.esql to BAR file.

Successfully added file UBLCommonLibrary\com\systemsltd\ubl\common\accountValidation\CBSAccountValidationRequest.esql to BAR file.

Successfully added file UBLCommonLibrary\com\systemsltd\ubl\common\accountValidation\CBSAccountValidationRequest.esql to BAR file.

Successfully added file UBLCommonLibrary\com\systemsltd\ubl\common\accountValidation\CBSAccountValidationRequest.esql to BAR file.

Successfully added file UBLCommonLibrary\com\systemsltd\ubl\common\accountValidation\CBSAccountValidationRequest.esql to BAR file.

Successfully added file UBLCommonLibrary\com\systemsltd\ubl\common\accountValidation\CBSAccountValidationRequest.esql to BAR file.

Successfully added file UBLCommonLibrary\com\systemsltd\ubl\common\accountValidation\CBSAccountValidationRequest.esql to BAR file.

Successfully added file UBLCommonLibrary\com\systemsltd\ubl\common\accountValidation\CBSAccountValidationRequest.esql to BAR file.

Successfully added file UBLCommonLibrary\com\systemsltd\ubl\common\accountValidation\CBSAccountValidationResponse.esql to BAR file.

Successfully added file UBLCommonLibrary\com\systemsltd\ubl\common\accountValidation\CBSAccountValidationResponse.esql to BAR file.

Successfully added file UBLCommonLibrary\com\systemsltd\ubl\common\accountValidation\CBSAccountValidationResponse.esql to BAR file.

Successfully added file UBLCommonLibrary\com\systemsltd\ubl\common\accountValidation\CBSAccountValidationResponse.esql to BAR file.

Successfully added file UBLCommonLibrary\com\systemsltd\ubl\common\accountValidation\CBSAccountValidationResponse.esql to BAR file.

Successfully added file UBLCommonLibrary\com\systemsltd\ubl\common\accountValidation\CBSAccountValidationResponse.esql to BAR file.

Successfully added file UBLCommonLibrary\com\systemsltd\ubl\common\accountValidation\CBSAccountValidationResponse.esql to BAR file.

Successfully added file UBLCommonLibrary\com\systemsltd\ubl\common\accountValidation\CBSAccountValidationResponse.esql to BAR file.

Successfully added file UBLCommonLibrary\com\systemsltd\ubl\common\accountValidation\CBSAccountValidationResponse.esql to BAR file.

Successfully added file UBLCommonLibrary\com\systemsltd\ubl\common\accountValidation\IsAccountValidationRequired.esql to BAR file.

Successfully added file UBLCommonLibrary\com\systemsltd\ubl\common\accountValidation\IsAccountValidationRequired.esql to BAR file.

Successfully added file UBLCommonLibrary\com\systemsltd\ubl\common\accountValidation\IsAccountValidationRequired.esql to BAR file.

Successfully added file UBLCommonLibrary\com\systemsltd\ubl\common\accountValidation\IsAccountValidationRequired.esql to BAR file.

Successfully added file UBLCommonLibrary\com\systemsltd\ubl\common\accountValidation\IsAccountValidationRequired.esql to BAR file.

Successfully added file UBLCommonLibrary\com\systemsltd\ubl\common\accountValidation\IsAccountValidationRequired.esql to BAR file.

Successfully added file UBLCommonLibrary\com\systemsltd\ubl\common\accountValidation\OMNIAccountValidation.subflow to BAR file.

Successfully added file UBLCommonLibrary\com\systemsltd\ubl\common\accountValidation\OMNIAccountValidationRequest.esql to BAR file.

Successfully added file UBLCommonLibrary\com\systemsltd\ubl\common\accountValidation\OMNIAccountValidationRequest.esql to BAR file.

Successfully added file UBLCommonLibrary\com\systemsltd\ubl\common\accountValidation\OMNIAccountValidationRequest.esql to BAR file.

Successfully added file UBLCommonLibrary\com\systemsltd\ubl\common\accountValidation\OMNIAccountValidationRequest.esql to BAR file.

Successfully added file UBLCommonLibrary\com\systemsltd\ubl\common\accountValidation\OMNIAccountValidationRequest.esql to BAR file.

Successfully added file UBLCommonLibrary\com\systemsltd\ubl\common\accountValidation\OMNIAccountValidationRequest.esql to BAR file.

Successfully added file UBLCommonLibrary\com\systemsltd\ubl\common\accountValidation\OMNIAccountValidationRequest.esql to BAR file.

Successfully added file UBLCommonLibrary\com\systemsltd\ubl\common\accountValidation\OMNIAccountValidationRequest.esql to BAR file.

Successfully added file UBLCommonLibrary\com\systemsltd\ubl\common\accountValidation\OMNIAccountValidationRequest.esql to BAR file.

Successfully added file UBLCommonLibrary\com\systemsltd\ubl\common\accountValidation\OMNIAccountValidationRequest.esql to BAR file.

Successfully added file UBLCommonLibrary\com\systemsltd\ubl\common\accountValidation\OMNIAccountValidationResponse.esql to BAR file.

Successfully added file UBLCommonLibrary\com\systemsltd\ubl\common\accountValidation\OMNIAccountValidationResponse.esql to BAR file.

Successfully added file UBLCommonLibrary\com\systemsltd\ubl\common\accountValidation\OMNIAccountValidationResponse.esql to BAR file.

Successfully added file UBLCommonLibrary\com\systemsltd\ubl\common\accountValidation\OMNIAccountValidationResponse.esql to BAR file.

Successfully added file UBLCommonLibrary\com\systemsltd\ubl\common\accountValidation\OMNIAccountValidationResponse.esql to BAR file.

Successfully added file UBLCommonLibrary\com\systemsltd\ubl\common\accountValidation\OMNIAccountValidationResponse.esql to BAR file.

Successfully added file UBLCommonLibrary\com\systemsltd\ubl\common\accountValidation\OMNIAccountValidationResponse.esql to BAR file.

Successfully added file UBLCommonLibrary\com\systemsltd\ubl\common\accountValidation\OMNIAccountValidationResponse.esql to BAR file.

Successfully added file UBLCommonLibrary\com\systemsltd\ubl\common\accountValidation\OMNIDebitCardValidation.subflow to BAR file.

Successfully added file UBLCommonLibrary\com\systemsltd\ubl\common\accountValidation\OMNIDebitCardValidationRequest.esql to BAR file.

Successfully added file UBLCommonLibrary\com\systemsltd\ubl\common\accountValidation\OMNIDebitCardValidationRequest.esql to BAR file.

Successfully added file UBLCommonLibrary\com\systemsltd\ubl\common\accountValidation\OMNIDebitCardValidationRequest.esql to BAR file.

Successfully added file UBLCommonLibrary\com\systemsltd\ubl\common\accountValidation\OMNIDebitCardValidationRequest.esql to BAR file.

Successfully added file UBLCommonLibrary\com\systemsltd\ubl\common\accountValidation\OMNIDebitCardValidationRequest.esql to BAR file.

Successfully added file UBLCommonLibrary\com\systemsltd\ubl\common\accountValidation\OMNIDebitCardValidationRequest.esql to BAR file.

Successfully added file UBLCommonLibrary\com\systemsltd\ubl\common\accountValidation\OMNIDebitCardValidationRequest.esql to BAR file.

Successfully added file UBLCommonLibrary\com\systemsltd\ubl\common\accountValidation\OMNIDebitCardValidationRequest.esql to BAR file.

Successfully added file UBLCommonLibrary\com\systemsltd\ubl\common\accountValidation\OMNIDebitCardValidationRequest.esql to BAR file.

Successfully added file UBLCommonLibrary\com\systemsltd\ubl\common\accountValidation\OMNIDebitCardValidationRequest.esql to BAR file.

Successfully added file UBLCommonLibrary\com\systemsltd\ubl\common\accountValidation\OMNIDebitCardValidationRequest.esql to BAR file.

Successfully added file UBLCommonLibrary\com\systemsltd\ubl\common\accountValidation\OMNIDebitCardValidationRequest.esql to BAR file.

Successfully added file UBLCommonLibrary\com\systemsltd\ubl\common\accountValidation\OMNIDebitCardValidationResponse.esql to BAR file.

Successfully added file UBLCommonLibrary\com\systemsltd\ubl\common\accountValidation\OMNIDebitCardValidationResponse.esql to BAR file.

Successfully added file UBLCommonLibrary\com\systemsltd\ubl\common\accountValidation\OMNIDebitCardValidationResponse.esql to BAR file.

Successfully added file UBLCommonLibrary\com\systemsltd\ubl\common\accountValidation\OMNIDebitCardValidationResponse.esql to BAR file.

Successfully added file UBLCommonLibrary\com\systemsltd\ubl\common\accountValidation\OMNIDebitCardValidationResponse.esql to BAR file.

Successfully added file UBLCommonLibrary\com\systemsltd\ubl\common\accountValidation\OMNIDebitCardValidationResponse.esql to BAR file.

Successfully added file UBLCommonLibrary\com\systemsltd\ubl\common\accountValidation\OMNIDebitCardValidationResponse.esql to BAR file.

Successfully added file UBLCommonLibrary\com\systemsltd\ubl\common\accountValidation\OMNIDebitCardValidationResponse.esql to BAR file.

Successfully added file UBLCommonLibrary\com\systemsltd\ubl\common\accountValidation\ValidateAccount.subflow to BAR file.

Successfully added file UBLCommonLibrary\com\systemsltd\ubl\common\acl\AccessControlModules.esql to BAR file.

Successfully added file UBLCommonLibrary\com\systemsltd\ubl\common\acl\AccessControlModules.esql to BAR file.

Successfully added file UBLCommonLibrary\com\systemsltd\ubl\common\acl\AccessControlModules.esql to BAR file.

Successfully added file UBLCommonLibrary\com\systemsltd\ubl\common\acl\AccessControlModules.esql to BAR file.

Successfully added file UBLCommonLibrary\com\systemsltd\ubl\common\acl\AccessControlModules.esql to BAR file.

Successfully added file UBLCommonLibrary\com\systemsltd\ubl\common\acl\AccessControlModules.esql to BAR file.

Successfully added file UBLCommonLibrary\com\systemsltd\ubl\common\acl\AccessControlModules.esql to BAR file.

Successfully added file UBLCommonLibrary\com\systemsltd\ubl\common\config\UBLConfigurationModules.esql to BAR file.

Successfully added file UBLCommonLibrary\com\systemsltd\ubl\common\config\UBLConfigurationModules.esql to BAR file.

Successfully added file UBLCommonLibrary\com\systemsltd\ubl\common\config\UBLConfigurationModules.esql to BAR file.

Successfully added file UBLCommonLibrary\com\systemsltd\ubl\common\config\UBLConfigurationModules.esql to BAR file.

Successfully added file UBLCommonLibrary\com\systemsltd\ubl\common\database\UBLDatabaseModules.esql to BAR file.

Successfully added file UBLCommonLibrary\com\systemsltd\ubl\common\database\UBLDatabaseModules.esql to BAR file.

Successfully added file UBLCommonLibrary\com\systemsltd\ubl\common\database\UBLDatabaseModules.esql to BAR file.

Successfully added file UBLCommonLibrary\com\systemsltd\ubl\common\database\UBLDatabaseModules.esql to BAR file.

Successfully added file UBLCommonLibrary\com\systemsltd\ubl\common\database\UBLDatabaseModules.esql to BAR file.

Successfully added file UBLCommonLibrary\com\systemsltd\ubl\common\database\UBLDatabaseModules.esql to BAR file.

Successfully added file UBLCommonLibrary\com\systemsltd\ubl\common\database\UBLDatabaseModules.esql to BAR file.

Successfully added file UBLCommonLibrary\com\systemsltd\ubl\common\database\UBLDatabaseModules.esql to BAR file.

Successfully added file UBLCommonLibrary\com\systemsltd\ubl\common\getMaskedCardInfo.subflow to BAR file.

Successfully added file UBLCommonLibrary\com\systemsltd\ubl\common\getMaskedCardInfoModule.esql to BAR file.

Successfully added file UBLCommonLibrary\com\systemsltd\ubl\common\getMaskedCardInfoModule.esql to BAR file.

Successfully added file UBLCommonLibrary\com\systemsltd\ubl\common\getMaskedCardInfoModule.esql to BAR file.

Successfully added file UBLCommonLibrary\com\systemsltd\ubl\common\getMaskedCardInfoModule.esql to BAR file.

Successfully added file UBLCommonLibrary\com\systemsltd\ubl\common\getMaskedCardInfoModule.esql to BAR file.

Successfully added file UBLCommonLibrary\com\systemsltd\ubl\common\getMaskedCardInfoModule.esql to BAR file.

Successfully added file UBLCommonLibrary\com\systemsltd\ubl\common\getMaskedCardInfoModule.esql to BAR file.

Successfully added file UBLCommonLibrary\com\systemsltd\ubl\common\model\UBLCommonTypes.xsd to BAR file.

Successfully added file UBLCommonLibrary\com\systemsltd\ubl\common\routing\HostRoutingConfigurationModules.esql to BAR file.

Successfully added file UBLCommonLibrary\com\systemsltd\ubl\common\routing\HostRoutingConfigurationModules.esql to BAR file.

Successfully added file UBLCommonLibrary\com\systemsltd\ubl\common\routing\HostRoutingConfigurationModules.esql to BAR file.

Successfully added file UBLCommonLibrary\com\systemsltd\ubl\common\routing\HostRoutingConfigurationModules.esql to BAR file.

Successfully added file UBLCommonLibrary\com\systemsltd\ubl\common\routing\HostSystemRouting.subflow to BAR file.

Successfully added file UBLCommonLibrary\library.descriptor to BAR file.

Successfully added file UBLCommonLibrary\library.descriptor to BAR file.

Successfully added file UBLCommonLibrary\library.descriptor to BAR file.

Successfully added file UBLCommonLibrary\library.descriptor to BAR file.
