
==============================================

!Wed Dec 07 11:24:52 PKT 2022

Processing file UBLCommonLibrary\AccountsByCNIC.xsd.
Successfully added file UBLCommonLibrary\AccountsByCNIC.xsd to BAR file.

==============================================

!Wed Dec 07 11:24:52 PKT 2022

Processing file UBLCommonLibrary\BPSCommon.xsd.
Successfully added file UBLCommonLibrary\BPSCommon.xsd to BAR file.

==============================================

!Wed Dec 07 11:24:52 PKT 2022

Processing file UBLCommonLibrary\PlaceholderSchema.xsd.
Successfully added file UBLCommonLibrary\PlaceholderSchema.xsd to BAR file.

==============================================

!Wed Dec 07 11:24:52 PKT 2022

Processing file UBLCommonLibrary\StatementGeneratorPDFJava.jar.
Successfully added file UBLCommonLibrary\StatementGeneratorPDFJava.jar to BAR file.
Elapsed time: 0 second(s).

==============================================

!Wed Dec 07 11:24:52 PKT 2022

Processing file UBLCommonLibrary\UBLCommonJava.jar.
Successfully added file UBLCommonLibrary\UBLCommonJava.jar to BAR file.
Elapsed time: 0 second(s).

==============================================

!Wed Dec 07 11:24:52 PKT 2022

Processing file UBLCommonLibrary\com\systemsltd\ubl\common\AccountConversionModules.esql.
Dependent ESQL file com/systemsltd/ubl/common/getMaskedCardInfoModule.esql is added to the BAR file.

Dependent ESQL file com/systemsltd/common/CommonModules.esql is added to the BAR file.

Dependent ESQL file com/systemsltd/common/logging/LogMessageHelper.esql is added to the BAR file.

Dependent ESQL file com/systemsltd/ubl/common/StatusCommonModules.esql is added to the BAR file.

Dependent ESQL file com/systemsltd/ubl/common/Constants.esql is added to the BAR file.

Dependent ESQL file com/systemsltd/ubl/common/UBLCommonModules.esql is added to the BAR file.

Dependent ESQL file com/systemsltd/ubl/common/config/UBLConfigurationModules.esql is added to the BAR file.

Dependent ESQL file com/systemsltd/ubl/common/ResponseMappingModules.esql is added to the BAR file.

Dependent ESQL file com/systemsltd/common/cache/GlobalCacheHandler.esql is added to the BAR file.

Successfully added file UBLCommonLibrary\com\systemsltd\ubl\common\AccountConversionModules.esql to BAR file.

==============================================

!Wed Dec 07 11:24:52 PKT 2022

Processing file UBLCommonLibrary\com\systemsltd\ubl\common\Constants.esql.
Successfully added file UBLCommonLibrary\com\systemsltd\ubl\common\Constants.esql to BAR file.

==============================================

!Wed Dec 07 11:24:52 PKT 2022

Processing file UBLCommonLibrary\com\systemsltd\ubl\common\ExceptionProcessing.subflow.
Successfully added file UBLCommonLibrary\com\systemsltd\ubl\common\ExceptionProcessing.subflow to BAR file.

==============================================

!Wed Dec 07 11:24:52 PKT 2022

Processing file UBLCommonLibrary\com\systemsltd\ubl\common\ExceptionResponse.subflow.
Successfully added file UBLCommonLibrary\com\systemsltd\ubl\common\ExceptionResponse.subflow to BAR file.

==============================================

!Wed Dec 07 11:24:52 PKT 2022

Processing file UBLCommonLibrary\com\systemsltd\ubl\common\ExceptionResponseMapping.subflow.
Successfully added file UBLCommonLibrary\com\systemsltd\ubl\common\ExceptionResponseMapping.subflow to BAR file.

==============================================

!Wed Dec 07 11:24:52 PKT 2022

Processing file UBLCommonLibrary\com\systemsltd\ubl\common\HostCommunicationModules.esql.
Successfully added file UBLCommonLibrary\com\systemsltd\ubl\common\HostCommunicationModules.esql to BAR file.

==============================================

!Wed Dec 07 11:24:52 PKT 2022

Processing file UBLCommonLibrary\com\systemsltd\ubl\common\HostDatabaseRequestResponse.subflow.
Successfully added file UBLCommonLibrary\com\systemsltd\ubl\common\HostDatabaseRequestResponse.subflow to BAR file.

==============================================

!Wed Dec 07 11:24:52 PKT 2022

Processing file UBLCommonLibrary\com\systemsltd\ubl\common\PopulateReferenceIdInLocalEnv.subflow.
Successfully added file UBLCommonLibrary\com\systemsltd\ubl\common\PopulateReferenceIdInLocalEnv.subflow to BAR file.

==============================================

!Wed Dec 07 11:24:52 PKT 2022

Processing file UBLCommonLibrary\com\systemsltd\ubl\common\PostProcessing.subflow.
Successfully added file UBLCommonLibrary\com\systemsltd\ubl\common\PostProcessing.subflow to BAR file.

==============================================

!Wed Dec 07 11:24:52 PKT 2022

Processing file UBLCommonLibrary\com\systemsltd\ubl\common\ProcessAccountConversion.subflow.
Successfully added file UBLCommonLibrary\com\systemsltd\ubl\common\ProcessAccountConversion.subflow to BAR file.

==============================================

!Wed Dec 07 11:24:52 PKT 2022

Processing file UBLCommonLibrary\com\systemsltd\ubl\common\ResponseMapping.subflow.
Successfully added file UBLCommonLibrary\com\systemsltd\ubl\common\ResponseMapping.subflow to BAR file.

==============================================

!Wed Dec 07 11:24:52 PKT 2022

Processing file UBLCommonLibrary\com\systemsltd\ubl\common\ResponseMappingModules.esql.
Dependent ESQL file com/systemsltd/ubl/common/getMaskedCardInfoModule.esql is added to the BAR file.

Dependent ESQL file com/systemsltd/common/logging/LogMessageHelper.esql is added to the BAR file.

Dependent ESQL file com/systemsltd/common/CommonModules.esql is added to the BAR file.

Dependent ESQL file com/systemsltd/ubl/common/StatusCommonModules.esql is added to the BAR file.

Dependent ESQL file com/systemsltd/ubl/common/UBLCommonModules.esql is added to the BAR file.

Dependent ESQL file com/systemsltd/ubl/common/config/UBLConfigurationModules.esql is added to the BAR file.

Dependent ESQL file com/systemsltd/ubl/common/AccountConversionModules.esql is added to the BAR file.

Successfully added file UBLCommonLibrary\com\systemsltd\ubl\common\ResponseMappingModules.esql to BAR file.

==============================================

!Wed Dec 07 11:24:52 PKT 2022

Processing file UBLCommonLibrary\com\systemsltd\ubl\common\SaveTransaction.subflow.
Successfully added file UBLCommonLibrary\com\systemsltd\ubl\common\SaveTransaction.subflow to BAR file.

==============================================

!Wed Dec 07 11:24:52 PKT 2022

Processing file UBLCommonLibrary\com\systemsltd\ubl\common\StatusCommonModules.esql.
Dependent ESQL file com/systemsltd/ubl/common/getMaskedCardInfoModule.esql is added to the BAR file.

Dependent ESQL file com/systemsltd/common/CommonModules.esql is added to the BAR file.

Dependent ESQL file com/systemsltd/common/logging/LogMessageHelper.esql is added to the BAR file.

Dependent ESQL file com/systemsltd/ubl/common/UBLCommonModules.esql is added to the BAR file.

Dependent ESQL file com/systemsltd/ubl/common/config/UBLConfigurationModules.esql is added to the BAR file.

Dependent ESQL file com/systemsltd/ubl/common/AccountConversionModules.esql is added to the BAR file.

Dependent ESQL file com/systemsltd/ubl/common/ResponseMappingModules.esql is added to the BAR file.

Successfully added file UBLCommonLibrary\com\systemsltd\ubl\common\StatusCommonModules.esql to BAR file.

==============================================

!Wed Dec 07 11:24:52 PKT 2022

Processing file UBLCommonLibrary\com\systemsltd\ubl\common\TransactionDetailStatus.subflow.
Successfully added file UBLCommonLibrary\com\systemsltd\ubl\common\TransactionDetailStatus.subflow to BAR file.

==============================================

!Wed Dec 07 11:24:53 PKT 2022

Processing file UBLCommonLibrary\com\systemsltd\ubl\common\TransactionStatus.subflow.
Successfully added file UBLCommonLibrary\com\systemsltd\ubl\common\TransactionStatus.subflow to BAR file.

==============================================

!Wed Dec 07 11:24:53 PKT 2022

Processing file UBLCommonLibrary\com\systemsltd\ubl\common\UBLCommonModules.esql.
Dependent ESQL file com/systemsltd/ubl/common/getMaskedCardInfoModule.esql is added to the BAR file.

Dependent ESQL file com/systemsltd/ubl/common/database/UBLDatabaseModules.esql is added to the BAR file.

Dependent ESQL file com/systemsltd/common/logging/LogMessageHelper.esql is added to the BAR file.

Dependent ESQL file com/systemsltd/common/CommonModules.esql is added to the BAR file.

Dependent ESQL file com/systemsltd/ubl/common/StatusCommonModules.esql is added to the BAR file.

Dependent ESQL file com/systemsltd/ubl/common/Constants.esql is added to the BAR file.

Dependent ESQL file com/systemsltd/ubl/common/config/UBLConfigurationModules.esql is added to the BAR file.

Dependent ESQL file com/systemsltd/ubl/common/AccountConversionModules.esql is added to the BAR file.

Dependent ESQL file com/systemsltd/ubl/common/ResponseMappingModules.esql is added to the BAR file.

Successfully added file UBLCommonLibrary\com\systemsltd\ubl\common\UBLCommonModules.esql to BAR file.

==============================================

!Wed Dec 07 11:24:53 PKT 2022

Processing file UBLCommonLibrary\com\systemsltd\ubl\common\ValidationErrorHandler.subflow.
Successfully added file UBLCommonLibrary\com\systemsltd\ubl\common\ValidationErrorHandler.subflow to BAR file.

==============================================

!Wed Dec 07 11:24:53 PKT 2022

Processing file UBLCommonLibrary\com\systemsltd\ubl\common\accountValidation\CBSAccountValidation.subflow.
Successfully added file UBLCommonLibrary\com\systemsltd\ubl\common\accountValidation\CBSAccountValidation.subflow to BAR file.

==============================================

!Wed Dec 07 11:24:53 PKT 2022

Processing file UBLCommonLibrary\com\systemsltd\ubl\common\accountValidation\CBSAccountValidationRequest.esql.
Dependent ESQL file com/systemsltd/ubl/common/accountValidation/OMNIDebitCardValidationResponse.esql is added to the BAR file.

Dependent ESQL file com/systemsltd/common/CommonModules.esql is added to the BAR file.

Dependent ESQL file com/systemsltd/ubl/common/Constants.esql is added to the BAR file.

Dependent ESQL file com/systemsltd/ubl/common/accountValidation/OMNIAccountValidationRequest.esql is added to the BAR file.

Dependent ESQL file com/systemsltd/ubl/common/UBLCommonModules.esql is added to the BAR file.

Dependent ESQL file com/systemsltd/ubl/common/config/UBLConfigurationModules.esql is added to the BAR file.

Dependent ESQL file com/systemsltd/ubl/common/accountValidation/OMNIAccountValidationResponse.esql is added to the BAR file.

Dependent ESQL file com/systemsltd/ubl/common/accountValidation/CBSAccountValidationResponse.esql is added to the BAR file.

Dependent ESQL file com/systemsltd/ubl/common/accountValidation/OMNIDebitCardValidationRequest.esql is added to the BAR file.

Dependent ESQL file com/systemsltd/ubl/common/accountValidation/IsAccountValidationRequired.esql is added to the BAR file.

Successfully added file UBLCommonLibrary\com\systemsltd\ubl\common\accountValidation\CBSAccountValidationRequest.esql to BAR file.

==============================================

!Wed Dec 07 11:24:53 PKT 2022

Processing file UBLCommonLibrary\com\systemsltd\ubl\common\accountValidation\CBSAccountValidationResponse.esql.
Dependent ESQL file com/systemsltd/ubl/common/accountValidation/OMNIDebitCardValidationResponse.esql is added to the BAR file.

Dependent ESQL file com/systemsltd/common/CommonModules.esql is added to the BAR file.

Dependent ESQL file com/systemsltd/ubl/common/accountValidation/CBSAccountValidationRequest.esql is added to the BAR file.

Dependent ESQL file com/systemsltd/ubl/common/accountValidation/OMNIAccountValidationRequest.esql is added to the BAR file.

Dependent ESQL file com/systemsltd/ubl/common/config/UBLConfigurationModules.esql is added to the BAR file.

Dependent ESQL file com/systemsltd/ubl/common/accountValidation/OMNIAccountValidationResponse.esql is added to the BAR file.

Dependent ESQL file com/systemsltd/ubl/common/accountValidation/OMNIDebitCardValidationRequest.esql is added to the BAR file.

Dependent ESQL file com/systemsltd/ubl/common/accountValidation/IsAccountValidationRequired.esql is added to the BAR file.

Successfully added file UBLCommonLibrary\com\systemsltd\ubl\common\accountValidation\CBSAccountValidationResponse.esql to BAR file.

==============================================

!Wed Dec 07 11:24:53 PKT 2022

Processing file UBLCommonLibrary\com\systemsltd\ubl\common\accountValidation\IsAccountValidationRequired.esql.
Dependent ESQL file com/systemsltd/common/CommonModules.esql is added to the BAR file.

Dependent ESQL file com/systemsltd/ubl/common/accountValidation/CBSAccountValidationRequest.esql is added to the BAR file.

Dependent ESQL file com/systemsltd/ubl/common/accountValidation/CBSAccountValidationResponse.esql is added to the BAR file.

Dependent ESQL file com/systemsltd/ubl/common/accountValidation/OMNIDebitCardValidationRequest.esql is added to the BAR file.

Dependent ESQL file com/systemsltd/ubl/common/routing/HostRoutingConfigurationModules.esql is added to the BAR file.

Successfully added file UBLCommonLibrary\com\systemsltd\ubl\common\accountValidation\IsAccountValidationRequired.esql to BAR file.

==============================================

!Wed Dec 07 11:24:53 PKT 2022

Processing file UBLCommonLibrary\com\systemsltd\ubl\common\accountValidation\OMNIAccountValidation.subflow.
Successfully added file UBLCommonLibrary\com\systemsltd\ubl\common\accountValidation\OMNIAccountValidation.subflow to BAR file.

==============================================

!Wed Dec 07 11:24:53 PKT 2022

Processing file UBLCommonLibrary\com\systemsltd\ubl\common\accountValidation\OMNIAccountValidationRequest.esql.
Dependent ESQL file com/systemsltd/ubl/common/accountValidation/OMNIDebitCardValidationResponse.esql is added to the BAR file.

Dependent ESQL file com/systemsltd/ubl/common/Constants.esql is added to the BAR file.

Dependent ESQL file com/systemsltd/ubl/common/accountValidation/CBSAccountValidationRequest.esql is added to the BAR file.

Dependent ESQL file com/systemsltd/ubl/common/UBLCommonModules.esql is added to the BAR file.

Dependent ESQL file com/systemsltd/ubl/common/config/UBLConfigurationModules.esql is added to the BAR file.

Dependent ESQL file com/systemsltd/ubl/common/accountValidation/OMNIAccountValidationResponse.esql is added to the BAR file.

Dependent ESQL file com/systemsltd/ubl/common/accountValidation/CBSAccountValidationResponse.esql is added to the BAR file.

Dependent ESQL file com/systemsltd/ubl/common/accountValidation/OMNIDebitCardValidationRequest.esql is added to the BAR file.

Dependent ESQL file com/systemsltd/common/cache/GlobalCacheHandler.esql is added to the BAR file.

Successfully added file UBLCommonLibrary\com\systemsltd\ubl\common\accountValidation\OMNIAccountValidationRequest.esql to BAR file.

==============================================

!Wed Dec 07 11:24:53 PKT 2022

Processing file UBLCommonLibrary\com\systemsltd\ubl\common\accountValidation\OMNIAccountValidationResponse.esql.
Dependent ESQL file com/systemsltd/ubl/common/accountValidation/OMNIDebitCardValidationResponse.esql is added to the BAR file.

Dependent ESQL file com/systemsltd/common/logging/LogMessageHelper.esql is added to the BAR file.

Dependent ESQL file com/systemsltd/ubl/common/accountValidation/CBSAccountValidationRequest.esql is added to the BAR file.

Dependent ESQL file com/systemsltd/ubl/common/accountValidation/OMNIAccountValidationRequest.esql is added to the BAR file.

Dependent ESQL file com/systemsltd/ubl/common/config/UBLConfigurationModules.esql is added to the BAR file.

Dependent ESQL file com/systemsltd/ubl/common/accountValidation/CBSAccountValidationResponse.esql is added to the BAR file.

Dependent ESQL file com/systemsltd/ubl/common/accountValidation/OMNIDebitCardValidationRequest.esql is added to the BAR file.

Successfully added file UBLCommonLibrary\com\systemsltd\ubl\common\accountValidation\OMNIAccountValidationResponse.esql to BAR file.

==============================================

!Wed Dec 07 11:24:53 PKT 2022

Processing file UBLCommonLibrary\com\systemsltd\ubl\common\accountValidation\OMNIDebitCardValidation.subflow.
Successfully added file UBLCommonLibrary\com\systemsltd\ubl\common\accountValidation\OMNIDebitCardValidation.subflow to BAR file.

==============================================

!Wed Dec 07 11:24:53 PKT 2022

Processing file UBLCommonLibrary\com\systemsltd\ubl\common\accountValidation\OMNIDebitCardValidationRequest.esql.
Dependent ESQL file com/systemsltd/ubl/common/accountValidation/OMNIDebitCardValidationResponse.esql is added to the BAR file.

Dependent ESQL file com/systemsltd/common/CommonModules.esql is added to the BAR file.

Dependent ESQL file com/systemsltd/ubl/common/Constants.esql is added to the BAR file.

Dependent ESQL file com/systemsltd/ubl/common/accountValidation/OMNIAccountValidationRequest.esql is added to the BAR file.

Dependent ESQL file com/systemsltd/ubl/common/accountValidation/CBSAccountValidationRequest.esql is added to the BAR file.

Dependent ESQL file com/systemsltd/ubl/common/UBLCommonModules.esql is added to the BAR file.

Dependent ESQL file com/systemsltd/ubl/common/config/UBLConfigurationModules.esql is added to the BAR file.

Dependent ESQL file com/systemsltd/ubl/common/accountValidation/OMNIAccountValidationResponse.esql is added to the BAR file.

Dependent ESQL file com/systemsltd/ubl/common/accountValidation/CBSAccountValidationResponse.esql is added to the BAR file.

Dependent ESQL file com/systemsltd/ubl/common/accountValidation/IsAccountValidationRequired.esql is added to the BAR file.

Dependent ESQL file com/systemsltd/common/cache/GlobalCacheHandler.esql is added to the BAR file.

Successfully added file UBLCommonLibrary\com\systemsltd\ubl\common\accountValidation\OMNIDebitCardValidationRequest.esql to BAR file.

==============================================

!Wed Dec 07 11:24:53 PKT 2022

Processing file UBLCommonLibrary\com\systemsltd\ubl\common\accountValidation\OMNIDebitCardValidationResponse.esql.
Dependent ESQL file com/systemsltd/common/logging/LogMessageHelper.esql is added to the BAR file.

Dependent ESQL file com/systemsltd/ubl/common/accountValidation/CBSAccountValidationRequest.esql is added to the BAR file.

Dependent ESQL file com/systemsltd/ubl/common/accountValidation/OMNIAccountValidationRequest.esql is added to the BAR file.

Dependent ESQL file com/systemsltd/ubl/common/config/UBLConfigurationModules.esql is added to the BAR file.

Dependent ESQL file com/systemsltd/ubl/common/accountValidation/OMNIAccountValidationResponse.esql is added to the BAR file.

Dependent ESQL file com/systemsltd/ubl/common/accountValidation/CBSAccountValidationResponse.esql is added to the BAR file.

Dependent ESQL file com/systemsltd/ubl/common/accountValidation/OMNIDebitCardValidationRequest.esql is added to the BAR file.

Successfully added file UBLCommonLibrary\com\systemsltd\ubl\common\accountValidation\OMNIDebitCardValidationResponse.esql to BAR file.

==============================================

!Wed Dec 07 11:24:53 PKT 2022

Processing file UBLCommonLibrary\com\systemsltd\ubl\common\accountValidation\ValidateAccount.subflow.
Successfully added file UBLCommonLibrary\com\systemsltd\ubl\common\accountValidation\ValidateAccount.subflow to BAR file.

==============================================

!Wed Dec 07 11:24:53 PKT 2022

Processing file UBLCommonLibrary\com\systemsltd\ubl\common\acl\AccessControlModules.esql.
Dependent ESQL file com/systemsltd/common/logging/LogMessageHelper.esql is added to the BAR file.

Dependent ESQL file com/systemsltd/common/CommonModules.esql is added to the BAR file.

Dependent ESQL file com/systemsltd/common/util/ValidationsHandler.esql is added to the BAR file.

Dependent ESQL file com/systemsltd/ubl/common/Constants.esql is added to the BAR file.

Dependent ESQL file com/systemsltd/common/util/CryptographyModules.esql is added to the BAR file.

Dependent ESQL file com/systemsltd/common/cache/GlobalCacheHandler.esql is added to the BAR file.

Successfully added file UBLCommonLibrary\com\systemsltd\ubl\common\acl\AccessControlModules.esql to BAR file.

==============================================

!Wed Dec 07 11:24:53 PKT 2022

Processing file UBLCommonLibrary\com\systemsltd\ubl\common\config\UBLConfigurationModules.esql.
Dependent ESQL file com/systemsltd/common/CommonModules.esql is added to the BAR file.

Dependent ESQL file com/systemsltd/common/logging/LogMessageHelper.esql is added to the BAR file.

Dependent ESQL file com/systemsltd/common/cache/GlobalCacheHandler.esql is added to the BAR file.

Successfully added file UBLCommonLibrary\com\systemsltd\ubl\common\config\UBLConfigurationModules.esql to BAR file.

==============================================

!Wed Dec 07 11:24:53 PKT 2022

Processing file UBLCommonLibrary\com\systemsltd\ubl\common\database\UBLDatabaseModules.esql.
Dependent ESQL file com/systemsltd/common/CommonModules.esql is added to the BAR file.

Dependent ESQL file com/systemsltd/common/logging/LogMessageHelper.esql is added to the BAR file.

Dependent ESQL file com/systemsltd/common/util/ValidationsHandler.esql is added to the BAR file.

Dependent ESQL file com/systemsltd/ubl/common/Constants.esql is added to the BAR file.

Dependent ESQL file com/systemsltd/ubl/common/acl/AccessControlModules.esql is added to the BAR file.

Dependent ESQL file com/systemsltd/ubl/common/config/UBLConfigurationModules.esql is added to the BAR file.

Dependent ESQL file com/systemsltd/common/database/CommonDatabaseModules.esql is added to the BAR file.

Successfully added file UBLCommonLibrary\com\systemsltd\ubl\common\database\UBLDatabaseModules.esql to BAR file.

==============================================

!Wed Dec 07 11:24:53 PKT 2022

Processing file UBLCommonLibrary\com\systemsltd\ubl\common\getMaskedCardInfo.subflow.
Successfully added file UBLCommonLibrary\com\systemsltd\ubl\common\getMaskedCardInfo.subflow to BAR file.

==============================================

!Wed Dec 07 11:24:53 PKT 2022

Processing file UBLCommonLibrary\com\systemsltd\ubl\common\getMaskedCardInfoModule.esql.
Dependent ESQL file com/systemsltd/common/CommonModules.esql is added to the BAR file.

Dependent ESQL file com/systemsltd/common/logging/LogMessageHelper.esql is added to the BAR file.

Dependent ESQL file com/systemsltd/ubl/common/StatusCommonModules.esql is added to the BAR file.

Dependent ESQL file com/systemsltd/ubl/common/UBLCommonModules.esql is added to the BAR file.

Dependent ESQL file com/systemsltd/ubl/common/AccountConversionModules.esql is added to the BAR file.

Dependent ESQL file com/systemsltd/ubl/common/ResponseMappingModules.esql is added to the BAR file.

Successfully added file UBLCommonLibrary\com\systemsltd\ubl\common\getMaskedCardInfoModule.esql to BAR file.

==============================================

!Wed Dec 07 11:24:53 PKT 2022

Processing file UBLCommonLibrary\com\systemsltd\ubl\common\model\UBLCommonTypes.xsd.
Successfully added file UBLCommonLibrary\com\systemsltd\ubl\common\model\UBLCommonTypes.xsd to BAR file.

==============================================

!Wed Dec 07 11:24:53 PKT 2022

Processing file UBLCommonLibrary\com\systemsltd\ubl\common\routing\HostRoutingConfigurationModules.esql.
Dependent ESQL file com/systemsltd/common/CommonModules.esql is added to the BAR file.

Dependent ESQL file com/systemsltd/ubl/common/config/UBLConfigurationModules.esql is added to the BAR file.

Dependent ESQL file com/systemsltd/ubl/common/AccountConversionModules.esql is added to the BAR file.

Successfully added file UBLCommonLibrary\com\systemsltd\ubl\common\routing\HostRoutingConfigurationModules.esql to BAR file.

==============================================

!Wed Dec 07 11:24:53 PKT 2022

Processing file UBLCommonLibrary\com\systemsltd\ubl\common\routing\HostSystemRouting.subflow.
Successfully added file UBLCommonLibrary\com\systemsltd\ubl\common\routing\HostSystemRouting.subflow to BAR file.

==============================================

!Wed Dec 07 11:24:53 PKT 2022

Processing file UBLCommonLibrary\library.descriptor.
Successfully added file UBLCommonLibrary\library.descriptor to BAR file.
Elapsed time: 0 second(s).

Successfully added file UBLCommonLibrary\library.descriptor to BAR file.

==============================================

!Wed Dec 07 11:24:53 PKT 2022

Processing file UBLCommonLibrary\library.descriptor.
Successfully added file UBLCommonLibrary\library.descriptor to BAR file.
Elapsed time: 0 second(s).

Successfully added file UBLCommonLibrary\library.descriptor to BAR file.
