
==============================================

!Wed Dec 07 11:24:51 PKT 2022

Processing file CommonLibrary\CommonJava.jar.
Successfully added file CommonLibrary\CommonJava.jar to BAR file.
Elapsed time: 0 second(s).

==============================================

!Wed Dec 07 11:24:51 PKT 2022

Processing file CommonLibrary\CommonTransactionTypes.xsd.
Successfully added file CommonLibrary\CommonTransactionTypes.xsd to BAR file.

==============================================

!Wed Dec 07 11:24:51 PKT 2022

Processing file CommonLibrary\ConfigurationJava.jar.
Successfully added file CommonLibrary\ConfigurationJava.jar to BAR file.
Elapsed time: 0.001 second(s).

==============================================

!Wed Dec 07 11:24:51 PKT 2022

Processing file CommonLibrary\IBMdefined\RecordSeparatedFieldFormat.xsd.
Successfully added file CommonLibrary\IBMdefined\RecordSeparatedFieldFormat.xsd to BAR file.

==============================================

!Wed Dec 07 11:24:51 PKT 2022

Processing file CommonLibrary\Prefix2BtyesMessage.xsd.
Successfully added file CommonLibrary\Prefix2BtyesMessage.xsd to BAR file.

==============================================

!Wed Dec 07 11:24:51 PKT 2022

Processing file CommonLibrary\TransactionMessage.xsd.
Successfully added file CommonLibrary\TransactionMessage.xsd to BAR file.

==============================================

!Wed Dec 07 11:24:51 PKT 2022

Processing file CommonLibrary\com\systemsltd\common\CommonModules.esql.
Dependent ESQL file com/systemsltd/common/logging/LogMessageHelper.esql is added to the BAR file.

Successfully added file CommonLibrary\com\systemsltd\common\CommonModules.esql to BAR file.

==============================================

!Wed Dec 07 11:24:51 PKT 2022

Processing file CommonLibrary\com\systemsltd\common\ConfigurationHandler.esql.
Successfully added file CommonLibrary\com\systemsltd\common\ConfigurationHandler.esql to BAR file.

==============================================

!Wed Dec 07 11:24:52 PKT 2022

Processing file CommonLibrary\com\systemsltd\common\FaultHandler.subflow.
Successfully added file CommonLibrary\com\systemsltd\common\FaultHandler.subflow to BAR file.

==============================================

!Wed Dec 07 11:24:52 PKT 2022

Processing file CommonLibrary\com\systemsltd\common\cache\GlobalCacheHandler.esql.
Successfully added file CommonLibrary\com\systemsltd\common\cache\GlobalCacheHandler.esql to BAR file.

==============================================

!Wed Dec 07 11:24:52 PKT 2022

Processing file CommonLibrary\com\systemsltd\common\database\CommonDatabaseModules.esql.
Dependent ESQL file com/systemsltd/common/logging/LogMessageHelper.esql is added to the BAR file.

Dependent ESQL file com/systemsltd/common/cache/GlobalCacheHandler.esql is added to the BAR file.

Successfully added file CommonLibrary\com\systemsltd\common\database\CommonDatabaseModules.esql to BAR file.

==============================================

!Wed Dec 07 11:24:52 PKT 2022

Processing file CommonLibrary\com\systemsltd\common\logging\CommonLoggingModules.esql.
Dependent ESQL file com/systemsltd/common/logging/LogMessageHelper.esql is added to the BAR file.

Dependent ESQL file com/systemsltd/common/CommonModules.esql is added to the BAR file.

Dependent ESQL file com/systemsltd/common/logging/LogHandler.esql is added to the BAR file.

Dependent ESQL file com/systemsltd/common/database/CommonDatabaseModules.esql is added to the BAR file.

Dependent ESQL file com/systemsltd/common/logging/LogMessageModules.esql is added to the BAR file.

Successfully added file CommonLibrary\com\systemsltd\common\logging\CommonLoggingModules.esql to BAR file.

==============================================

!Wed Dec 07 11:24:52 PKT 2022

Processing file CommonLibrary\com\systemsltd\common\logging\LogHandler.esql.
Successfully added file CommonLibrary\com\systemsltd\common\logging\LogHandler.esql to BAR file.

==============================================

!Wed Dec 07 11:24:52 PKT 2022

Processing file CommonLibrary\com\systemsltd\common\logging\LogMessage.subflow.
Successfully added file CommonLibrary\com\systemsltd\common\logging\LogMessage.subflow to BAR file.

==============================================

!Wed Dec 07 11:24:52 PKT 2022

Processing file CommonLibrary\com\systemsltd\common\logging\LogMessageHelper.esql.
Dependent ESQL file com/systemsltd/common/logging/CommonLoggingModules.esql is added to the BAR file.

Dependent ESQL file com/systemsltd/common/logging/LogHandler.esql is added to the BAR file.

Dependent ESQL file com/systemsltd/common/logging/LogMessageModules.esql is added to the BAR file.

Successfully added file CommonLibrary\com\systemsltd\common\logging\LogMessageHelper.esql to BAR file.

==============================================

!Wed Dec 07 11:24:52 PKT 2022

Processing file CommonLibrary\com\systemsltd\common\logging\LogMessageModules.esql.
Dependent ESQL file com/systemsltd/common/logging/LogMessageHelper.esql is added to the BAR file.

Dependent ESQL file com/systemsltd/common/logging/CommonLoggingModules.esql is added to the BAR file.

Dependent ESQL file com/systemsltd/common/database/CommonDatabaseModules.esql is added to the BAR file.

Successfully added file CommonLibrary\com\systemsltd\common\logging\LogMessageModules.esql to BAR file.

==============================================

!Wed Dec 07 11:24:52 PKT 2022

Processing file CommonLibrary\com\systemsltd\common\logging\ProcessLogMessage.subflow.
Successfully added file CommonLibrary\com\systemsltd\common\logging\ProcessLogMessage.subflow to BAR file.

==============================================

!Wed Dec 07 11:24:52 PKT 2022

Processing file CommonLibrary\com\systemsltd\common\model\CommonTypes.xsd.
Successfully added file CommonLibrary\com\systemsltd\common\model\CommonTypes.xsd to BAR file.

==============================================

!Wed Dec 07 11:24:52 PKT 2022

Processing file CommonLibrary\com\systemsltd\common\mq\MQRequestResponse.subflow.
Successfully added file CommonLibrary\com\systemsltd\common\mq\MQRequestResponse.subflow to BAR file.

==============================================

!Wed Dec 07 11:24:52 PKT 2022

Processing file CommonLibrary\com\systemsltd\common\notification\EmailNotificationModules.esql.
Dependent ESQL file com/systemsltd/common/notification/NotificationProcessingModules.esql is added to the BAR file.

Dependent ESQL file com/systemsltd/common/logging/LogMessageHelper.esql is added to the BAR file.

Dependent ESQL file com/systemsltd/common/CommonModules.esql is added to the BAR file.

Dependent ESQL file com/systemsltd/common/util/FileHandler.esql is added to the BAR file.

Dependent ESQL file com/systemsltd/common/cache/GlobalCacheHandler.esql is added to the BAR file.

Successfully added file CommonLibrary\com\systemsltd\common\notification\EmailNotificationModules.esql to BAR file.

==============================================

!Wed Dec 07 11:24:52 PKT 2022

Processing file CommonLibrary\com\systemsltd\common\notification\NotificationProcessingFlow.subflow.
Successfully added file CommonLibrary\com\systemsltd\common\notification\NotificationProcessingFlow.subflow to BAR file.

==============================================

!Wed Dec 07 11:24:52 PKT 2022

Processing file CommonLibrary\com\systemsltd\common\notification\NotificationProcessingModules.esql.
Dependent ESQL file com/systemsltd/common/CommonModules.esql is added to the BAR file.

Dependent ESQL file com/systemsltd/common/logging/LogMessageHelper.esql is added to the BAR file.

Dependent ESQL file com/systemsltd/common/notification/EmailNotificationModules.esql is added to the BAR file.

Dependent ESQL file com/systemsltd/common/cache/GlobalCacheHandler.esql is added to the BAR file.

Successfully added file CommonLibrary\com\systemsltd\common\notification\NotificationProcessingModules.esql to BAR file.

==============================================

!Wed Dec 07 11:24:52 PKT 2022

Processing file CommonLibrary\com\systemsltd\common\notification\ProcessEmailNotification.subflow.
Successfully added file CommonLibrary\com\systemsltd\common\notification\ProcessEmailNotification.subflow to BAR file.

==============================================

!Wed Dec 07 11:24:52 PKT 2022

Processing file CommonLibrary\com\systemsltd\common\saf\CommonSAFModules.esql.
Successfully added file CommonLibrary\com\systemsltd\common\saf\CommonSAFModules.esql to BAR file.

==============================================

!Wed Dec 07 11:24:52 PKT 2022

Processing file CommonLibrary\com\systemsltd\common\saf\PrepareAndWriteRetryMQMessage.subflow.
Successfully added file CommonLibrary\com\systemsltd\common\saf\PrepareAndWriteRetryMQMessage.subflow to BAR file.

==============================================

!Wed Dec 07 11:24:52 PKT 2022

Processing file CommonLibrary\com\systemsltd\common\transaction\AsyncTransactionPostProcessing.subflow.
Successfully added file CommonLibrary\com\systemsltd\common\transaction\AsyncTransactionPostProcessing.subflow to BAR file.

==============================================

!Wed Dec 07 11:24:52 PKT 2022

Processing file CommonLibrary\com\systemsltd\common\transaction\AsyncTransactionPreProcessing.subflow.
Successfully added file CommonLibrary\com\systemsltd\common\transaction\AsyncTransactionPreProcessing.subflow to BAR file.

==============================================

!Wed Dec 07 11:24:52 PKT 2022

Processing file CommonLibrary\com\systemsltd\common\transaction\AsyncTransactionProcessingModules.esql.
Dependent ESQL file com/systemsltd/common/logging/LogMessageHelper.esql is added to the BAR file.

Dependent ESQL file com/systemsltd/common/CommonModules.esql is added to the BAR file.

Successfully added file CommonLibrary\com\systemsltd\common\transaction\AsyncTransactionProcessingModules.esql to BAR file.

==============================================

!Wed Dec 07 11:24:52 PKT 2022

Processing file CommonLibrary\com\systemsltd\common\util\CryptographyModules.esql.
Successfully added file CommonLibrary\com\systemsltd\common\util\CryptographyModules.esql to BAR file.

==============================================

!Wed Dec 07 11:24:52 PKT 2022

Processing file CommonLibrary\com\systemsltd\common\util\FileHandler.esql.
Successfully added file CommonLibrary\com\systemsltd\common\util\FileHandler.esql to BAR file.

==============================================

!Wed Dec 07 11:24:52 PKT 2022

Processing file CommonLibrary\com\systemsltd\common\util\RSAModules.esql.
Successfully added file CommonLibrary\com\systemsltd\common\util\RSAModules.esql to BAR file.

==============================================

!Wed Dec 07 11:24:52 PKT 2022

Processing file CommonLibrary\com\systemsltd\common\util\ValidationsHandler.esql.
Successfully added file CommonLibrary\com\systemsltd\common\util\ValidationsHandler.esql to BAR file.

==============================================

!Wed Dec 07 11:24:52 PKT 2022

Processing file CommonLibrary\library.descriptor.
Successfully added file CommonLibrary\library.descriptor to BAR file.
Elapsed time: 0.001 second(s).

Successfully added file CommonLibrary\library.descriptor to BAR file.

==============================================

!Wed Dec 07 11:24:52 PKT 2022

Processing file CommonLibrary\library.descriptor.
Successfully added file CommonLibrary\library.descriptor to BAR file.
Elapsed time: 0 second(s).

Successfully added file CommonLibrary\library.descriptor to BAR file.
